/home/mech-user/work/nekonote/ros_ws/src/pd/src/control.cpp: In member function ‘std_msgs::Int32MultiArray Control::getMsgs2(std::vector<std::pair<int, int> >)’:
/home/mech-user/work/nekonote/ros_ws/src/pd/src/control.cpp:60:18: error: no match for ‘operator=’ (operand types are ‘std_msgs::MultiArrayLayout_<std::allocator<void> >::_dim_type {aka std::vector<std_msgs::MultiArrayDimension_<std::allocator<void> >, std::allocator<std_msgs::MultiArrayDimension_<std::allocator<void> > > >}’ and ‘std_msgs::MultiArrayDimension* {aka std_msgs::MultiArrayDimension_<std::allocator<void> >*}’)
   msg.layout.dim = (std_msgs::MultiArrayDimension*)calloc(sizeof(std_msgs::MultiArrayDimension), 2);
                  ^
/home/mech-user/work/nekonote/ros_ws/src/pd/src/control.cpp:60:18: note: candidates are:
In file included from /usr/include/c++/4.8/vector:69:0,
                 from /usr/include/c++/4.8/bits/random.h:34,
                 from /usr/include/c++/4.8/random:50,
                 from /usr/include/c++/4.8/bits/stl_algo.h:65,
                 from /usr/include/c++/4.8/algorithm:62,
                 from /home/mech-user/work/nekonote/ros_ws/src/pd/include/bits/stdc++.h:67,
                 from /home/mech-user/work/nekonote/ros_ws/src/pd/include/control.h:4,
                 from /home/mech-user/work/nekonote/ros_ws/src/pd/src/control.cpp:1:
/usr/include/c++/4.8/bits/vector.tcc:160:5: note: std::vector<_Tp, _Alloc>& std::vector<_Tp, _Alloc>::operator=(const std::vector<_Tp, _Alloc>&) [with _Tp = std_msgs::MultiArrayDimension_<std::allocator<void> >; _Alloc = std::allocator<std_msgs::MultiArrayDimension_<std::allocator<void> > >]
     vector<_Tp, _Alloc>::
     ^
/usr/include/c++/4.8/bits/vector.tcc:160:5: note:   no known conversion for argument 1 from ‘std_msgs::MultiArrayDimension* {aka std_msgs::MultiArrayDimension_<std::allocator<void> >*}’ to ‘const std::vector<std_msgs::MultiArrayDimension_<std::allocator<void> >, std::allocator<std_msgs::MultiArrayDimension_<std::allocator<void> > > >&’
In file included from /usr/include/c++/4.8/vector:64:0,
                 from /usr/include/c++/4.8/bits/random.h:34,
                 from /usr/include/c++/4.8/random:50,
                 from /usr/include/c++/4.8/bits/stl_algo.h:65,
                 from /usr/include/c++/4.8/algorithm:62,
                 from /home/mech-user/work/nekonote/ros_ws/src/pd/include/bits/stdc++.h:67,
                 from /home/mech-user/work/nekonote/ros_ws/src/pd/include/control.h:4,
                 from /home/mech-user/work/nekonote/ros_ws/src/pd/src/control.cpp:1:
/usr/include/c++/4.8/bits/stl_vector.h:439:7: note: std::vector<_Tp, _Alloc>& std::vector<_Tp, _Alloc>::operator=(std::vector<_Tp, _Alloc>&&) [with _Tp = std_msgs::MultiArrayDimension_<std::allocator<void> >; _Alloc = std::allocator<std_msgs::MultiArrayDimension_<std::allocator<void> > >]
       operator=(vector&& __x) noexcept(_Alloc_traits::_S_nothrow_move())
       ^
/usr/include/c++/4.8/bits/stl_vector.h:439:7: note:   no known conversion for argument 1 from ‘std_msgs::MultiArrayDimension* {aka std_msgs::MultiArrayDimension_<std::allocator<void> >*}’ to ‘std::vector<std_msgs::MultiArrayDimension_<std::allocator<void> >, std::allocator<std_msgs::MultiArrayDimension_<std::allocator<void> > > >&&’
/usr/include/c++/4.8/bits/stl_vector.h:461:7: note: std::vector<_Tp, _Alloc>& std::vector<_Tp, _Alloc>::operator=(std::initializer_list<_Tp>) [with _Tp = std_msgs::MultiArrayDimension_<std::allocator<void> >; _Alloc = std::allocator<std_msgs::MultiArrayDimension_<std::allocator<void> > >]
       operator=(initializer_list<value_type> __l)
       ^
/usr/include/c++/4.8/bits/stl_vector.h:461:7: note:   no known conversion for argument 1 from ‘std_msgs::MultiArrayDimension* {aka std_msgs::MultiArrayDimension_<std::allocator<void> >*}’ to ‘std::initializer_list<std_msgs::MultiArrayDimension_<std::allocator<void> > >’
/home/mech-user/work/nekonote/ros_ws/src/pd/src/control.cpp:78:14: error: ‘std_msgs::Int32MultiArray_<std::allocator<void> >::_layout_type’ has no member named ‘dim_length’
   msg.layout.dim_length = 1;
              ^
/home/mech-user/work/nekonote/ros_ws/src/pd/src/control.cpp:79:14: error: ‘std_msgs::Int32MultiArray_<std::allocator<void> >::_layout_type’ has no member named ‘data_length’
   msg.layout.data_length = msg.data.size();
              ^
/home/mech-user/work/nekonote/ros_ws/src/pd/src/main.cpp:20:28: error: ‘Float32MultiArray’ in namespace ‘std_msgs’ does not name a type
   void boardCallback(const std_msgs::Float32MultiArray::ConstPtr& msg) {
                            ^
/home/mech-user/work/nekonote/ros_ws/src/pd/src/main.cpp:20:65: error: expected unqualified-id before ‘&’ token
   void boardCallback(const std_msgs::Float32MultiArray::ConstPtr& msg) {
                                                                 ^
/home/mech-user/work/nekonote/ros_ws/src/pd/src/main.cpp:20:65: error: expected ‘)’ before ‘&’ token
/home/mech-user/work/nekonote/ros_ws/src/pd/src/main.cpp:20:65: error: expected ‘;’ at end of member declaration
/home/mech-user/work/nekonote/ros_ws/src/pd/src/main.cpp:20:67: error: ‘msg’ does not name a type
   void boardCallback(const std_msgs::Float32MultiArray::ConstPtr& msg) {
                                                                   ^
/home/mech-user/work/nekonote/ros_ws/src/pd/src/main.cpp:55:29: error: ‘Float32MultiArray’ in namespace ‘std_msgs’ does not name a type
   void boardCallback2(const std_msgs::Float32MultiArray::ConstPtr& msg) {
                             ^
/home/mech-user/work/nekonote/ros_ws/src/pd/src/main.cpp:55:66: error: expected unqualified-id before ‘&’ token
   void boardCallback2(const std_msgs::Float32MultiArray::ConstPtr& msg) {
                                                                  ^
/home/mech-user/work/nekonote/ros_ws/src/pd/src/main.cpp:55:66: error: expected ‘)’ before ‘&’ token
/home/mech-user/work/nekonote/ros_ws/src/pd/src/main.cpp:55:66: error: expected ‘;’ at end of member declaration
/home/mech-user/work/nekonote/ros_ws/src/pd/src/main.cpp:55:68: error: ‘msg’ does not name a type
   void boardCallback2(const std_msgs::Float32MultiArray::ConstPtr& msg) {
                                                                    ^
/home/mech-user/work/nekonote/ros_ws/src/pd/src/main.cpp: In constructor ‘SubscribeAndPublish::SubscribeAndPublish()’:
/home/mech-user/work/nekonote/ros_ws/src/pd/src/main.cpp:16:5: error: ‘pub3’ was not declared in this scope
     pub3 = nh.advertise<std_msgs::Int32MultiArray>("route2", 0.5);
     ^
/home/mech-user/work/nekonote/ros_ws/src/pd/src/main.cpp:17:79: error: no matching function for call to ‘ros::NodeHandle::subscribe(const char [6], int, void (SubscribeAndPublish::*)(...) &, SubscribeAndPublish* const)’
     sub = nh.subscribe("board", 10, &SubscribeAndPublish::boardCallback2, this);
                                                                               ^
/home/mech-user/work/nekonote/ros_ws/src/pd/src/main.cpp:17:79: note: candidates are:
In file included from /opt/ros/indigo/include/ros/ros.h:45:0,
                 from /home/mech-user/work/nekonote/ros_ws/src/pd/src/main.cpp:1:
/opt/ros/indigo/include/ros/node_handle.h:401:14: note: template<class M, class T> ros::Subscriber ros::NodeHandle::subscribe(const string&, uint32_t, void (T::*)(M), T*, const ros::TransportHints&)
   Subscriber subscribe(const std::string& topic, uint32_t queue_size, void(T::*fp)(M), T* obj, 
              ^
/opt/ros/indigo/include/ros/node_handle.h:401:14: note:   template argument deduction/substitution failed:
/home/mech-user/work/nekonote/ros_ws/src/pd/src/main.cpp:17:79: note:   candidate expects 2 arguments, 1 provided
     sub = nh.subscribe("board", 10, &SubscribeAndPublish::boardCallback2, this);
                                                                               ^
In file included from /opt/ros/indigo/include/ros/ros.h:45:0,
                 from /home/mech-user/work/nekonote/ros_ws/src/pd/src/main.cpp:1:
/opt/ros/indigo/include/ros/node_handle.h:412:14: note: template<class M, class T> ros::Subscriber ros::NodeHandle::subscribe(const string&, uint32_t, void (T::*)(M)const, T*, const ros::TransportHints&)
   Subscriber subscribe(const std::string& topic, uint32_t queue_size, void(T::*fp)(M) const, T* obj, 
              ^
/opt/ros/indigo/include/ros/node_handle.h:412:14: note:   template argument deduction/substitution failed:
/home/mech-user/work/nekonote/ros_ws/src/pd/src/main.cpp:17:79: note:   types ‘void (T::)(M)const’ and ‘void (SubscribeAndPublish::)(...) &’ have incompatible cv-qualifiers
     sub = nh.subscribe("board", 10, &SubscribeAndPublish::boardCallback2, this);
                                                                               ^
In file included from /opt/ros/indigo/include/ros/ros.h:45:0,
                 from /home/mech-user/work/nekonote/ros_ws/src/pd/src/main.cpp:1:
/opt/ros/indigo/include/ros/node_handle.h:464:14: note: template<class M, class T> ros::Subscriber ros::NodeHandle::subscribe(const string&, uint32_t, void (T::*)(const boost::shared_ptr<const M>&), T*, const ros::TransportHints&)
   Subscriber subscribe(const std::string& topic, uint32_t queue_size, 
              ^
/opt/ros/indigo/include/ros/node_handle.h:464:14: note:   template argument deduction/substitution failed:
/home/mech-user/work/nekonote/ros_ws/src/pd/src/main.cpp:17:79: note:   candidate expects 2 arguments, 1 provided
     sub = nh.subscribe("board", 10, &SubscribeAndPublish::boardCallback2, this);
                                                                               ^
In file included from /opt/ros/indigo/include/ros/ros.h:45:0,
                 from /home/mech-user/work/nekonote/ros_ws/src/pd/src/main.cpp:1:
/opt/ros/indigo/include/ros/node_handle.h:474:14: note: template<class M, class T> ros::Subscriber ros::NodeHandle::subscribe(const string&, uint32_t, void (T::*)(const boost::shared_ptr<const M>&)const, T*, const ros::TransportHints&)
   Subscriber subscribe(const std::string& topic, uint32_t queue_size, 
              ^
/opt/ros/indigo/include/ros/node_handle.h:474:14: note:   template argument deduction/substitution failed:
/home/mech-user/work/nekonote/ros_ws/src/pd/src/main.cpp:17:79: note:   types ‘void (T::)(const boost::shared_ptr<const M>&)const’ and ‘void (SubscribeAndPublish::)(...) &’ have incompatible cv-qualifiers
     sub = nh.subscribe("board", 10, &SubscribeAndPublish::boardCallback2, this);
                                                                               ^
In file included from /opt/ros/indigo/include/ros/ros.h:45:0,
                 from /home/mech-user/work/nekonote/ros_ws/src/pd/src/main.cpp:1:
/opt/ros/indigo/include/ros/node_handle.h:528:14: note: template<class M, class T> ros::Subscriber ros::NodeHandle::subscribe(const string&, uint32_t, void (T::*)(M), const boost::shared_ptr<U>&, const ros::TransportHints&)
   Subscriber subscribe(const std::string& topic, uint32_t queue_size, void(T::*fp)(M), 
              ^
/opt/ros/indigo/include/ros/node_handle.h:528:14: note:   template argument deduction/substitution failed:
/home/mech-user/work/nekonote/ros_ws/src/pd/src/main.cpp:17:79: note:   candidate expects 2 arguments, 1 provided
     sub = nh.subscribe("board", 10, &SubscribeAndPublish::boardCallback2, this);
                                                                               ^
In file included from /opt/ros/indigo/include/ros/ros.h:45:0,
                 from /home/mech-user/work/nekonote/ros_ws/src/pd/src/main.cpp:1:
/opt/ros/indigo/include/ros/node_handle.h:539:14: note: template<class M, class T> ros::Subscriber ros::NodeHandle::subscribe(const string&, uint32_t, void (T::*)(M)const, const boost::shared_ptr<U>&, const ros::TransportHints&)
   Subscriber subscribe(const std::string& topic, uint32_t queue_size, void(T::*fp)(M) const, 
              ^
/opt/ros/indigo/include/ros/node_handle.h:539:14: note:   template argument deduction/substitution failed:
/home/mech-user/work/nekonote/ros_ws/src/pd/src/main.cpp:17:79: note:   types ‘void (T::)(M)const’ and ‘void (SubscribeAndPublish::)(...) &’ have incompatible cv-qualifiers
     sub = nh.subscribe("board", 10, &SubscribeAndPublish::boardCallback2, this);
                                                                               ^
In file included from /opt/ros/indigo/include/ros/ros.h:45:0,
                 from /home/mech-user/work/nekonote/ros_ws/src/pd/src/main.cpp:1:
/opt/ros/indigo/include/ros/node_handle.h:593:14: note: template<class M, class T> ros::Subscriber ros::NodeHandle::subscribe(const string&, uint32_t, void (T::*)(const boost::shared_ptr<const M>&), const boost::shared_ptr<U>&, const ros::TransportHints&)
   Subscriber subscribe(const std::string& topic, uint32_t queue_size, 
              ^
/opt/ros/indigo/include/ros/node_handle.h:593:14: note:   template argument deduction/substitution failed:
/home/mech-user/work/nekonote/ros_ws/src/pd/src/main.cpp:17:79: note:   candidate expects 2 arguments, 1 provided
     sub = nh.subscribe("board", 10, &SubscribeAndPublish::boardCallback2, this);
                                                                               ^
In file included from /opt/ros/indigo/include/ros/ros.h:45:0,
                 from /home/mech-user/work/nekonote/ros_ws/src/pd/src/main.cpp:1:
/opt/ros/indigo/include/ros/node_handle.h:604:14: note: template<class M, class T> ros::Subscriber ros::NodeHandle::subscribe(const string&, uint32_t, void (T::*)(const boost::shared_ptr<const M>&)const, const boost::shared_ptr<U>&, const ros::TransportHints&)
   Subscriber subscribe(const std::string& topic, uint32_t queue_size, 
              ^
/opt/ros/indigo/include/ros/node_handle.h:604:14: note:   template argument deduction/substitution failed:
/home/mech-user/work/nekonote/ros_ws/src/pd/src/main.cpp:17:79: note:   types ‘void (T::)(const boost::shared_ptr<const M>&)const’ and ‘void (SubscribeAndPublish::)(...) &’ have incompatible cv-qualifiers
     sub = nh.subscribe("board", 10, &SubscribeAndPublish::boardCallback2, this);
                                                                               ^
In file included from /opt/ros/indigo/include/ros/ros.h:45:0,
                 from /home/mech-user/work/nekonote/ros_ws/src/pd/src/main.cpp:1:
/opt/ros/indigo/include/ros/node_handle.h:655:14: note: template<class M> ros::Subscriber ros::NodeHandle::subscribe(const string&, uint32_t, void (*)(M), const ros::TransportHints&)
   Subscriber subscribe(const std::string& topic, uint32_t queue_size, void(*fp)(M), const TransportHints& transport_hints = TransportHints())
              ^
/opt/ros/indigo/include/ros/node_handle.h:655:14: note:   template argument deduction/substitution failed:
/home/mech-user/work/nekonote/ros_ws/src/pd/src/main.cpp:17:79: note:   mismatched types ‘void (*)(M)’ and ‘void (SubscribeAndPublish::*)(...) &’
     sub = nh.subscribe("board", 10, &SubscribeAndPublish::boardCallback2, this);
                                                                               ^
In file included from /opt/ros/indigo/include/ros/ros.h:45:0,
                 from /home/mech-user/work/nekonote/ros_ws/src/pd/src/main.cpp:1:
/opt/ros/indigo/include/ros/node_handle.h:703:14: note: template<class M> ros::Subscriber ros::NodeHandle::subscribe(const string&, uint32_t, void (*)(const boost::shared_ptr<const M>&), const ros::TransportHints&)
   Subscriber subscribe(const std::string& topic, uint32_t queue_size, void(*fp)(const boost::shared_ptr<M const>&), const TransportHints& transport_hints = TransportHints())
              ^
/opt/ros/indigo/include/ros/node_handle.h:703:14: note:   template argument deduction/substitution failed:
/home/mech-user/work/nekonote/ros_ws/src/pd/src/main.cpp:17:79: note:   mismatched types ‘void (*)(const boost::shared_ptr<const M>&)’ and ‘void (SubscribeAndPublish::*)(...) &’
     sub = nh.subscribe("board", 10, &SubscribeAndPublish::boardCallback2, this);
                                                                               ^
In file included from /opt/ros/indigo/include/ros/ros.h:45:0,
                 from /home/mech-user/work/nekonote/ros_ws/src/pd/src/main.cpp:1:
/opt/ros/indigo/include/ros/node_handle.h:749:14: note: template<class M> ros::Subscriber ros::NodeHandle::subscribe(const string&, uint32_t, const boost::function<void(const boost::shared_ptr<const M>&)>&, const VoidConstPtr&, const ros::TransportHints&)
   Subscriber subscribe(const std::string& topic, uint32_t queue_size, const boost::function<void (const boost::shared_ptr<M const>&)>& callback,
              ^
/opt/ros/indigo/include/ros/node_handle.h:749:14: note:   template argument deduction/substitution failed:
/home/mech-user/work/nekonote/ros_ws/src/pd/src/main.cpp:17:79: note:   ‘void (SubscribeAndPublish::*)(...) &’ is not derived from ‘const boost::function<void(const boost::shared_ptr<const M>&)>’
     sub = nh.subscribe("board", 10, &SubscribeAndPublish::boardCallback2, this);
                                                                               ^
In file included from /opt/ros/indigo/include/ros/ros.h:45:0,
                 from /home/mech-user/work/nekonote/ros_ws/src/pd/src/main.cpp:1:
/opt/ros/indigo/include/ros/node_handle.h:798:14: note: template<class M, class C> ros::Subscriber ros::NodeHandle::subscribe(const string&, uint32_t, const boost::function<void(C)>&, const VoidConstPtr&, const ros::TransportHints&)
   Subscriber subscribe(const std::string& topic, uint32_t queue_size, const boost::function<void (C)>& callback,
              ^
/opt/ros/indigo/include/ros/node_handle.h:798:14: note:   template argument deduction/substitution failed:
/home/mech-user/work/nekonote/ros_ws/src/pd/src/main.cpp:17:79: note:   ‘void (SubscribeAndPublish::*)(...) &’ is not derived from ‘const boost::function<void(C)>’
     sub = nh.subscribe("board", 10, &SubscribeAndPublish::boardCallback2, this);
                                                                               ^
In file included from /opt/ros/indigo/include/ros/ros.h:45:0,
                 from /home/mech-user/work/nekonote/ros_ws/src/pd/src/main.cpp:1:
/opt/ros/indigo/include/ros/node_handle.h:835:14: note: ros::Subscriber ros::NodeHandle::subscribe(ros::SubscribeOptions&)
   Subscriber subscribe(SubscribeOptions& ops);
              ^
/opt/ros/indigo/include/ros/node_handle.h:835:14: note:   candidate expects 1 argument, 4 provided
make[2]: *** [CMakeFiles/pd.dir/src/control.cpp.o] エラー 1
make[2]: *** 未完了のジョブを待っています....
make[2]: *** [CMakeFiles/pd.dir/src/main.cpp.o] エラー 1
make[1]: *** [CMakeFiles/pd.dir/all] エラー 2
make: *** [all] エラー 2
